<?xml version="1.0" encoding="UTF-8"?>
<!-- Generated by org.testng.reporters.JUnitReportReporter -->
<testsuite skipped="0" hostname="DESKTOP-UOSJI6I" name="databaseTesting.DDTTest" tests="2" failures="0" timestamp="2022-01-30T14:15:40 IST" time="28.749" errors="0">
  <testcase name="sauceLabsTest" time="5.593" classname="databaseTesting.DDTTest"/>
  <system-out/>
  <testcase name="sauceLabsTest" time="23.156" classname="databaseTesting.DDTTest"/>
  <system-out/>
</testsuite> <!-- databaseTesting.DDTTest -->
