<?xml version="1.0" encoding="UTF-8"?>
<!-- Generated by org.testng.reporters.JUnitReportReporter -->
<testsuite hostname="DESKTOP-UOSJI6I" failures="0" tests="1" name="com.jqueryExercise.SliderPracticeWebsite" time="19.154" errors="0" timestamp="2022-05-29T12:10:49 IST" skipped="0">
  <testcase classname="com.jqueryExercise.SliderPracticeWebsite" name="sliderExampleWithDemoWebsite" time="19.154"/>
  <system-out/>
</testsuite> <!-- com.jqueryExercise.SliderPracticeWebsite -->
