<?xml version="1.0" encoding="UTF-8"?>
<!-- Generated by org.testng.reporters.JUnitReportReporter -->
<testsuite skipped="0" hostname="DESKTOP-UOSJI6I" name="com.testing.PasswordStrength" tests="1" failures="0" timestamp="2022-02-11T15:33:42 IST" time="37.926" errors="0">
  <testcase name="testExecution" time="37.926" classname="com.testing.PasswordStrength"/>
  <system-out/>
</testsuite> <!-- com.testing.PasswordStrength -->
