<?xml version="1.0" encoding="UTF-8"?>
<!-- Generated by org.testng.reporters.JUnitReportReporter -->
<testsuite hostname="DESKTOP-UOSJI6I" failures="0" tests="1" name="com.jqueryExercise.Slider" time="14.843" errors="0" timestamp="2022-04-21T12:02:10 IST" skipped="0">
  <testcase classname="com.jqueryExercise.Slider" name="priceSlider" time="14.843"/>
  <system-out/>
</testsuite> <!-- com.jqueryExercise.Slider -->
