<?xml version="1.0" encoding="UTF-8"?>
<!-- Generated by org.testng.reporters.JUnitReportReporter -->
<testsuite hostname="DESKTOP-UOSJI6I" failures="0" tests="1" name="com.jqueryExercise.DatePicker" time="19.187" errors="0" timestamp="2022-04-30T10:03:36 IST" skipped="0">
  <testcase classname="com.jqueryExercise.DatePicker" name="datePickerTyp2" time="19.187"/>
  <system-out/>
</testsuite> <!-- com.jqueryExercise.DatePicker -->
