<?xml version="1.0" encoding="UTF-8"?>
<!-- Generated by org.testng.reporters.JUnitReportReporter -->
<testsuite skipped="0" hostname="DESKTOP-UOSJI6I" name="databaseTesting.DataBaseBilling" tests="4" failures="0" timestamp="2022-02-03T10:43:49 IST" time="225.742" errors="0">
  <testcase name="dataDrivenTest" time="44.833" classname="databaseTesting.DataBaseBilling"/>
  <system-out/>
  <testcase name="dataDrivenTest" time="54.849" classname="databaseTesting.DataBaseBilling"/>
  <system-out/>
  <testcase name="dataDrivenTest" time="53.604" classname="databaseTesting.DataBaseBilling"/>
  <system-out/>
  <testcase name="dataDrivenTest" time="72.456" classname="databaseTesting.DataBaseBilling"/>
  <system-out/>
</testsuite> <!-- databaseTesting.DataBaseBilling -->
