<?xml version="1.0" encoding="UTF-8"?>
<!-- Generated by org.testng.reporters.JUnitReportReporter -->
<testsuite skipped="0" hostname="DESKTOP-UOSJI6I" name="com.testing.DropdownWithText" tests="1" failures="0" timestamp="2022-01-28T13:13:34 IST" time="49.851" errors="0">
  <testcase name="dropdownTest" time="49.851" classname="com.testing.DropdownWithText"/>
  <system-out/>
</testsuite> <!-- com.testing.DropdownWithText -->
